d:\download\onlineshoppingmall\onlineshoppingmall\debug\vc143.pdb
d:\download\onlineshoppingmall\onlineshoppingmall\debug\vc143.idb
d:\download\onlineshoppingmall\onlineshoppingmall\debug\qrc_onlineshoppingmall.obj
d:\download\onlineshoppingmall\onlineshoppingmall\debug\main.obj
d:\download\onlineshoppingmall\onlineshoppingmall\debug\logindialog.obj
d:\download\onlineshoppingmall\onlineshoppingmall\debug\user.obj
d:\download\onlineshoppingmall\onlineshoppingmall\debug\product.obj
d:\download\onlineshoppingmall\onlineshoppingmall\debug\productlistwidget.obj
d:\download\onlineshoppingmall\onlineshoppingmall\debug\orderhistorywidget.obj
d:\download\onlineshoppingmall\onlineshoppingmall\debug\order.obj
d:\download\onlineshoppingmall\onlineshoppingmall\debug\registerdialog.obj
d:\download\onlineshoppingmall\onlineshoppingmall\debug\mainwindow.obj
d:\download\onlineshoppingmall\onlineshoppingmall\debug\cartwidget.obj
d:\download\onlineshoppingmall\onlineshoppingmall\debug\shoppingcart.obj
d:\download\onlineshoppingmall\onlineshoppingmall\debug\moc_productlistwidget.obj
d:\download\onlineshoppingmall\onlineshoppingmall\debug\moc_mainwindow.obj
d:\download\onlineshoppingmall\onlineshoppingmall\debug\moc_orderhistorywidget.obj
d:\download\onlineshoppingmall\onlineshoppingmall\debug\moc_registerdialog.obj
d:\download\onlineshoppingmall\onlineshoppingmall\debug\moc_cartwidget.obj
d:\download\onlineshoppingmall\onlineshoppingmall\debug\moc_shoppingcart.obj
d:\download\onlineshoppingmall\onlineshoppingmall\debug\moc_logindialog.obj
d:\download\onlineshoppingmall\debug\onlineshoppingmall.exe
d:\download\onlineshoppingmall\debug\onlineshoppingmall.pdb
d:\download\onlineshoppingmall\onlineshoppingmall\debug\qt\moc\moc_mainwindow.cpp
d:\download\onlineshoppingmall\onlineshoppingmall\debug\qt\moc\moc_registerdialog.cpp
d:\download\onlineshoppingmall\onlineshoppingmall\debug\qt\moc\moc_logindialog.cpp
d:\download\onlineshoppingmall\onlineshoppingmall\debug\qt\moc\moc_orderhistorywidget.cpp
d:\download\onlineshoppingmall\onlineshoppingmall\debug\qt\moc\moc_cartwidget.cpp
d:\download\onlineshoppingmall\onlineshoppingmall\debug\qt\moc\moc_productlistwidget.cpp
d:\download\onlineshoppingmall\onlineshoppingmall\debug\qt\moc\moc_shoppingcart.cpp
d:\download\onlineshoppingmall\onlineshoppingmall\debug\qt\uic\ui_onlineshoppingmall.h
d:\download\onlineshoppingmall\onlineshoppingmall\debug\qt\rcc\qrc_onlineshoppingmall.cpp
d:\download\onlineshoppingmall\onlineshoppingmall\debug\onlineshoppingmall.ilk
d:\download\onlineshoppingmall\onlineshoppingmall\debug\onlinesh.18dc9b38.tlog\cl.command.1.tlog
d:\download\onlineshoppingmall\onlineshoppingmall\debug\onlinesh.18dc9b38.tlog\cl.items.tlog
d:\download\onlineshoppingmall\onlineshoppingmall\debug\onlinesh.18dc9b38.tlog\cl.read.1.tlog
d:\download\onlineshoppingmall\onlineshoppingmall\debug\onlinesh.18dc9b38.tlog\cl.write.1.tlog
d:\download\onlineshoppingmall\onlineshoppingmall\debug\onlinesh.18dc9b38.tlog\link.command.1.tlog
d:\download\onlineshoppingmall\onlineshoppingmall\debug\onlinesh.18dc9b38.tlog\link.read.1.tlog
d:\download\onlineshoppingmall\onlineshoppingmall\debug\onlinesh.18dc9b38.tlog\link.secondary.1.tlog
d:\download\onlineshoppingmall\onlineshoppingmall\debug\onlinesh.18dc9b38.tlog\link.write.1.tlog
d:\download\onlineshoppingmall\onlineshoppingmall\debug\onlinesh.18dc9b38.tlog\moc.read.1u.tlog
d:\download\onlineshoppingmall\onlineshoppingmall\debug\onlinesh.18dc9b38.tlog\moc.write.1u.tlog
d:\download\onlineshoppingmall\onlineshoppingmall\debug\onlinesh.18dc9b38.tlog\onlineshoppingmall.write.1u.tlog
d:\download\onlineshoppingmall\onlineshoppingmall\debug\onlinesh.18dc9b38.tlog\rcc.read.1u.tlog
d:\download\onlineshoppingmall\onlineshoppingmall\debug\onlinesh.18dc9b38.tlog\rcc.write.1u.tlog
d:\download\onlineshoppingmall\onlineshoppingmall\debug\onlinesh.18dc9b38.tlog\uic.read.1u.tlog
d:\download\onlineshoppingmall\onlineshoppingmall\debug\onlinesh.18dc9b38.tlog\uic.write.1u.tlog
